生成启动时间为 2017/3/25 17:31:00。
     1>项目“D:\Documents\Visual Studio 2010\Projects\c练习\c练习\c练习.vcxproj”在节点 2 上(build 个目标)。
     1>InitializeBuildStatus:
         正在对“Debug\c练习.unsuccessfulbuild”执行 Touch 任务。
       ClCompile:
         所有输出均为最新。
       Link:
         D:\Program Files (x86)\Microsoft Visual Studio 10.0\VC\bin\link.exe /ERRORREPORT:PROMPT /OUT:"D:\Documents\Visual Studio 2010\Projects\c练习\Debug\c练习.exe" /NOLOGO kernel32.lib user32.lib gdi32.lib winspool.lib comdlg32.lib advapi32.lib shell32.lib ole32.lib oleaut32.lib uuid.lib odbc32.lib odbccp32.lib /MANIFEST /ManifestFile:"Debug\c练习.exe.intermediate.manifest" /MANIFESTUAC:"level='asInvoker' uiAccess='false'" /DEBUG /PDB:"D:\Documents\Visual Studio 2010\Projects\c练习\Debug\c练习.pdb" /TLBID:1 /DYNAMICBASE /NXCOMPAT /IMPLIB:"D:\Documents\Visual Studio 2010\Projects\c练习\Debug\c练习.lib" /MACHINE:X86 "Debug\求素数个数.obj"
         "Debug\统计字符串个数.obj"
     1>统计字符串个数.obj : error LNK2005: _main 已经在 求素数个数.obj 中定义
     1>D:\Documents\Visual Studio 2010\Projects\c练习\Debug\c练习.exe : fatal error LNK1169: 找到一个或多个多重定义的符号
     1>已完成生成项目“D:\Documents\Visual Studio 2010\Projects\c练习\c练习\c练习.vcxproj”(build 个目标)的操作 - 失败。

生成失败。

已用时间 00:00:00.13
